{"/Users/xingyuefeng/code/github/Frontend-06-Template/Week 18/html-parser/src/parser.js":{"path":"/Users/xingyuefeng/code/github/Frontend-06-Template/Week 18/html-parser/src/parser.js","statementMap":{"0":{"start":{"line":3,"column":0},"end":{"line":5,"column":3}},"1":{"start":{"line":6,"column":0},"end":{"line":6,"column":30}},"2":{"start":{"line":8,"column":65},"end":{"line":8,"column":623}},"3":{"start":{"line":8,"column":132},"end":{"line":8,"column":463}},"4":{"start":{"line":8,"column":252},"end":{"line":8,"column":267}},"5":{"start":{"line":8,"column":260},"end":{"line":8,"column":267}},"6":{"start":{"line":8,"column":276},"end":{"line":8,"column":277}},"7":{"start":{"line":8,"column":287},"end":{"line":8,"column":302}},"8":{"start":{"line":8,"column":304},"end":{"line":8,"column":461}},"9":{"start":{"line":8,"column":337},"end":{"line":8,"column":378}},"10":{"start":{"line":8,"column":356},"end":{"line":8,"column":378}},"11":{"start":{"line":8,"column":379},"end":{"line":8,"column":417}},"12":{"start":{"line":8,"column":441},"end":{"line":8,"column":450}},"13":{"start":{"line":8,"column":464},"end":{"line":8,"column":621}},"14":{"start":{"line":8,"column":647},"end":{"line":8,"column":651}},"15":{"start":{"line":8,"column":662},"end":{"line":8,"column":667}},"16":{"start":{"line":8,"column":674},"end":{"line":8,"column":995}},"17":{"start":{"line":8,"column":701},"end":{"line":8,"column":727}},"18":{"start":{"line":8,"column":760},"end":{"line":8,"column":769}},"19":{"start":{"line":8,"column":771},"end":{"line":8,"column":800}},"20":{"start":{"line":8,"column":801},"end":{"line":8,"column":813}},"21":{"start":{"line":8,"column":838},"end":{"line":8,"column":852}},"22":{"start":{"line":8,"column":853},"end":{"line":8,"column":863}},"23":{"start":{"line":8,"column":885},"end":{"line":8,"column":990}},"24":{"start":{"line":8,"column":891},"end":{"line":8,"column":953}},"25":{"start":{"line":8,"column":938},"end":{"line":8,"column":953}},"26":{"start":{"line":8,"column":966},"end":{"line":8,"column":988}},"27":{"start":{"line":8,"column":978},"end":{"line":8,"column":988}},"28":{"start":{"line":10,"column":50},"end":{"line":10,"column":65}},"29":{"start":{"line":10,"column":58},"end":{"line":10,"column":65}},"30":{"start":{"line":10,"column":66},"end":{"line":10,"column":129}},"31":{"start":{"line":10,"column":93},"end":{"line":10,"column":129}},"32":{"start":{"line":10,"column":138},"end":{"line":10,"column":184}},"33":{"start":{"line":10,"column":186},"end":{"line":10,"column":246}},"34":{"start":{"line":10,"column":223},"end":{"line":10,"column":246}},"35":{"start":{"line":10,"column":247},"end":{"line":10,"column":300}},"36":{"start":{"line":10,"column":279},"end":{"line":10,"column":300}},"37":{"start":{"line":10,"column":301},"end":{"line":10,"column":414}},"38":{"start":{"line":10,"column":378},"end":{"line":10,"column":414}},"39":{"start":{"line":12,"column":39},"end":{"line":12,"column":93}},"40":{"start":{"line":12,"column":76},"end":{"line":12,"column":93}},"41":{"start":{"line":12,"column":94},"end":{"line":12,"column":168}},"42":{"start":{"line":12,"column":107},"end":{"line":12,"column":108}},"43":{"start":{"line":12,"column":117},"end":{"line":12,"column":131}},"44":{"start":{"line":12,"column":149},"end":{"line":12,"column":166}},"45":{"start":{"line":12,"column":169},"end":{"line":12,"column":181}},"46":{"start":{"line":14,"column":10},"end":{"line":14,"column":23}},"47":{"start":{"line":17,"column":19},"end":{"line":17,"column":23}},"48":{"start":{"line":18,"column":23},"end":{"line":18,"column":27}},"49":{"start":{"line":19,"column":22},"end":{"line":19,"column":26}},"50":{"start":{"line":22,"column":12},"end":{"line":22,"column":35}},"51":{"start":{"line":24,"column":2},"end":{"line":67,"column":3}},"52":{"start":{"line":25,"column":18},"end":{"line":29,"column":5}},"53":{"start":{"line":30,"column":4},"end":{"line":30,"column":36}},"54":{"start":{"line":32,"column":4},"end":{"line":39,"column":5}},"55":{"start":{"line":33,"column":6},"end":{"line":38,"column":7}},"56":{"start":{"line":34,"column":8},"end":{"line":37,"column":11}},"57":{"start":{"line":41,"column":4},"end":{"line":41,"column":31}},"58":{"start":{"line":42,"column":4},"end":{"line":42,"column":25}},"59":{"start":{"line":44,"column":4},"end":{"line":46,"column":5}},"60":{"start":{"line":45,"column":6},"end":{"line":45,"column":26}},"61":{"start":{"line":48,"column":4},"end":{"line":48,"column":27}},"62":{"start":{"line":49,"column":9},"end":{"line":67,"column":3}},"63":{"start":{"line":50,"column":4},"end":{"line":54,"column":5}},"64":{"start":{"line":51,"column":6},"end":{"line":51,"column":54}},"65":{"start":{"line":53,"column":6},"end":{"line":53,"column":18}},"66":{"start":{"line":56,"column":4},"end":{"line":56,"column":27}},"67":{"start":{"line":57,"column":9},"end":{"line":67,"column":3}},"68":{"start":{"line":58,"column":4},"end":{"line":64,"column":5}},"69":{"start":{"line":59,"column":6},"end":{"line":62,"column":8}},"70":{"start":{"line":63,"column":6},"end":{"line":63,"column":41}},"71":{"start":{"line":66,"column":4},"end":{"line":66,"column":45}},"72":{"start":{"line":71,"column":2},"end":{"line":84,"column":3}},"73":{"start":{"line":72,"column":4},"end":{"line":72,"column":19}},"74":{"start":{"line":73,"column":9},"end":{"line":84,"column":3}},"75":{"start":{"line":74,"column":4},"end":{"line":76,"column":7}},"76":{"start":{"line":77,"column":4},"end":{"line":77,"column":11}},"77":{"start":{"line":79,"column":4},"end":{"line":82,"column":7}},"78":{"start":{"line":83,"column":4},"end":{"line":83,"column":16}},"79":{"start":{"line":88,"column":2},"end":{"line":102,"column":3}},"80":{"start":{"line":89,"column":4},"end":{"line":89,"column":22}},"81":{"start":{"line":90,"column":9},"end":{"line":102,"column":3}},"82":{"start":{"line":91,"column":4},"end":{"line":94,"column":6}},"83":{"start":{"line":95,"column":4},"end":{"line":95,"column":22}},"84":{"start":{"line":97,"column":4},"end":{"line":100,"column":7}},"85":{"start":{"line":101,"column":4},"end":{"line":101,"column":16}},"86":{"start":{"line":106,"column":2},"end":{"line":112,"column":55}},"87":{"start":{"line":107,"column":4},"end":{"line":110,"column":6}},"88":{"start":{"line":111,"column":4},"end":{"line":111,"column":22}},"89":{"start":{"line":112,"column":9},"end":{"line":112,"column":55}},"90":{"start":{"line":112,"column":31},"end":{"line":112,"column":55}},"91":{"start":{"line":116,"column":2},"end":{"line":129,"column":3}},"92":{"start":{"line":117,"column":4},"end":{"line":117,"column":31}},"93":{"start":{"line":118,"column":9},"end":{"line":129,"column":3}},"94":{"start":{"line":119,"column":4},"end":{"line":119,"column":31}},"95":{"start":{"line":120,"column":9},"end":{"line":129,"column":3}},"96":{"start":{"line":121,"column":4},"end":{"line":121,"column":30}},"97":{"start":{"line":122,"column":4},"end":{"line":122,"column":19}},"98":{"start":{"line":123,"column":9},"end":{"line":129,"column":3}},"99":{"start":{"line":124,"column":4},"end":{"line":124,"column":23}},"100":{"start":{"line":125,"column":4},"end":{"line":125,"column":16}},"101":{"start":{"line":127,"column":4},"end":{"line":127,"column":30}},"102":{"start":{"line":128,"column":4},"end":{"line":128,"column":19}},"103":{"start":{"line":133,"column":2},"end":{"line":143,"column":3}},"104":{"start":{"line":134,"column":4},"end":{"line":134,"column":31}},"105":{"start":{"line":135,"column":9},"end":{"line":143,"column":3}},"106":{"start":{"line":136,"column":4},"end":{"line":136,"column":33}},"107":{"start":{"line":137,"column":9},"end":{"line":143,"column":3}},"108":{"start":{"line":138,"column":4},"end":{"line":141,"column":6}},"109":{"start":{"line":142,"column":4},"end":{"line":142,"column":28}},"110":{"start":{"line":147,"column":2},"end":{"line":154,"column":3}},"111":{"start":{"line":148,"column":4},"end":{"line":148,"column":33}},"112":{"start":{"line":149,"column":9},"end":{"line":154,"column":3}},"113":{"start":{"line":150,"column":4},"end":{"line":150,"column":32}},"114":{"start":{"line":151,"column":9},"end":{"line":154,"column":3}},"115":{"start":{"line":151,"column":32},"end":{"line":154,"column":3}},"116":{"start":{"line":152,"column":4},"end":{"line":152,"column":31}},"117":{"start":{"line":153,"column":4},"end":{"line":153,"column":25}},"118":{"start":{"line":158,"column":2},"end":{"line":175,"column":3}},"119":{"start":{"line":159,"column":4},"end":{"line":159,"column":30}},"120":{"start":{"line":160,"column":9},"end":{"line":175,"column":3}},"121":{"start":{"line":161,"column":4},"end":{"line":161,"column":31}},"122":{"start":{"line":162,"column":9},"end":{"line":175,"column":3}},"123":{"start":{"line":163,"column":4},"end":{"line":163,"column":32}},"124":{"start":{"line":164,"column":9},"end":{"line":175,"column":3}},"125":{"start":{"line":165,"column":4},"end":{"line":165,"column":65}},"126":{"start":{"line":166,"column":4},"end":{"line":166,"column":23}},"127":{"start":{"line":167,"column":4},"end":{"line":167,"column":16}},"128":{"start":{"line":168,"column":9},"end":{"line":175,"column":3}},"129":{"start":{"line":169,"column":4},"end":{"line":169,"column":65}},"130":{"start":{"line":170,"column":4},"end":{"line":173,"column":6}},"131":{"start":{"line":174,"column":4},"end":{"line":174,"column":28}},"132":{"start":{"line":179,"column":2},"end":{"line":187,"column":3}},"133":{"start":{"line":180,"column":4},"end":{"line":180,"column":32}},"134":{"start":{"line":181,"column":9},"end":{"line":187,"column":3}},"135":{"start":{"line":182,"column":4},"end":{"line":182,"column":38}},"136":{"start":{"line":183,"column":9},"end":{"line":187,"column":3}},"137":{"start":{"line":184,"column":4},"end":{"line":184,"column":38}},"138":{"start":{"line":185,"column":9},"end":{"line":187,"column":3}},"139":{"start":{"line":186,"column":4},"end":{"line":186,"column":37}},"140":{"start":{"line":192,"column":2},"end":{"line":198,"column":3}},"141":{"start":{"line":193,"column":4},"end":{"line":193,"column":65}},"142":{"start":{"line":194,"column":4},"end":{"line":194,"column":37}},"143":{"start":{"line":195,"column":9},"end":{"line":198,"column":3}},"144":{"start":{"line":195,"column":32},"end":{"line":198,"column":3}},"145":{"start":{"line":196,"column":4},"end":{"line":196,"column":32}},"146":{"start":{"line":197,"column":4},"end":{"line":197,"column":38}},"147":{"start":{"line":203,"column":2},"end":{"line":209,"column":3}},"148":{"start":{"line":204,"column":4},"end":{"line":204,"column":65}},"149":{"start":{"line":205,"column":4},"end":{"line":205,"column":37}},"150":{"start":{"line":206,"column":9},"end":{"line":209,"column":3}},"151":{"start":{"line":206,"column":32},"end":{"line":209,"column":3}},"152":{"start":{"line":207,"column":4},"end":{"line":207,"column":32}},"153":{"start":{"line":208,"column":4},"end":{"line":208,"column":38}},"154":{"start":{"line":213,"column":2},"end":{"line":223,"column":3}},"155":{"start":{"line":214,"column":4},"end":{"line":214,"column":31}},"156":{"start":{"line":215,"column":9},"end":{"line":223,"column":3}},"157":{"start":{"line":216,"column":4},"end":{"line":216,"column":31}},"158":{"start":{"line":217,"column":9},"end":{"line":223,"column":3}},"159":{"start":{"line":218,"column":4},"end":{"line":218,"column":65}},"160":{"start":{"line":219,"column":4},"end":{"line":219,"column":23}},"161":{"start":{"line":220,"column":4},"end":{"line":220,"column":16}},"162":{"start":{"line":221,"column":9},"end":{"line":223,"column":3}},"163":{"start":{"line":222,"column":4},"end":{"line":222,"column":57}},"164":{"start":{"line":227,"column":2},"end":{"line":240,"column":3}},"165":{"start":{"line":228,"column":4},"end":{"line":228,"column":65}},"166":{"start":{"line":229,"column":4},"end":{"line":229,"column":31}},"167":{"start":{"line":230,"column":9},"end":{"line":240,"column":3}},"168":{"start":{"line":231,"column":4},"end":{"line":231,"column":65}},"169":{"start":{"line":232,"column":4},"end":{"line":232,"column":31}},"170":{"start":{"line":233,"column":9},"end":{"line":240,"column":3}},"171":{"start":{"line":234,"column":4},"end":{"line":234,"column":65}},"172":{"start":{"line":235,"column":4},"end":{"line":235,"column":23}},"173":{"start":{"line":236,"column":4},"end":{"line":236,"column":16}},"174":{"start":{"line":237,"column":9},"end":{"line":240,"column":3}},"175":{"start":{"line":237,"column":32},"end":{"line":240,"column":3}},"176":{"start":{"line":237,"column":103},"end":{"line":240,"column":3}},"177":{"start":{"line":238,"column":4},"end":{"line":238,"column":32}},"178":{"start":{"line":239,"column":4},"end":{"line":239,"column":34}},"179":{"start":{"line":244,"column":2},"end":{"line":248,"column":35}},"180":{"start":{"line":245,"column":4},"end":{"line":245,"column":38}},"181":{"start":{"line":246,"column":4},"end":{"line":246,"column":23}},"182":{"start":{"line":247,"column":4},"end":{"line":247,"column":16}},"183":{"start":{"line":248,"column":9},"end":{"line":248,"column":35}},"184":{"start":{"line":253,"column":2},"end":{"line":256,"column":5}},"185":{"start":{"line":257,"column":2},"end":{"line":257,"column":22}},"186":{"start":{"line":258,"column":2},"end":{"line":258,"column":26}},"187":{"start":{"line":259,"column":2},"end":{"line":259,"column":25}},"188":{"start":{"line":260,"column":14},"end":{"line":260,"column":18}},"189":{"start":{"line":262,"column":18},"end":{"line":262,"column":50}},"190":{"start":{"line":265,"column":2},"end":{"line":274,"column":3}},"191":{"start":{"line":266,"column":4},"end":{"line":269,"column":5}},"192":{"start":{"line":267,"column":14},"end":{"line":267,"column":25}},"193":{"start":{"line":268,"column":6},"end":{"line":268,"column":23}},"194":{"start":{"line":271,"column":4},"end":{"line":271,"column":21}},"195":{"start":{"line":273,"column":4},"end":{"line":273,"column":18}},"196":{"start":{"line":276,"column":2},"end":{"line":276,"column":21}},"197":{"start":{"line":277,"column":2},"end":{"line":277,"column":18}}},"fnMap":{"0":{"name":"_createForOfIteratorHelper","decl":{"start":{"line":8,"column":9},"end":{"line":8,"column":35}},"loc":{"start":{"line":8,"column":55},"end":{"line":8,"column":997}},"line":8},"1":{"name":"F","decl":{"start":{"line":8,"column":296},"end":{"line":8,"column":297}},"loc":{"start":{"line":8,"column":300},"end":{"line":8,"column":302}},"line":8},"2":{"name":"n","decl":{"start":{"line":8,"column":331},"end":{"line":8,"column":332}},"loc":{"start":{"line":8,"column":335},"end":{"line":8,"column":419}},"line":8},"3":{"name":"e","decl":{"start":{"line":8,"column":433},"end":{"line":8,"column":434}},"loc":{"start":{"line":8,"column":439},"end":{"line":8,"column":452}},"line":8},"4":{"name":"s","decl":{"start":{"line":8,"column":695},"end":{"line":8,"column":696}},"loc":{"start":{"line":8,"column":699},"end":{"line":8,"column":729}},"line":8},"5":{"name":"n","decl":{"start":{"line":8,"column":743},"end":{"line":8,"column":744}},"loc":{"start":{"line":8,"column":747},"end":{"line":8,"column":815}},"line":8},"6":{"name":"e","decl":{"start":{"line":8,"column":829},"end":{"line":8,"column":830}},"loc":{"start":{"line":8,"column":836},"end":{"line":8,"column":865}},"line":8},"7":{"name":"f","decl":{"start":{"line":8,"column":879},"end":{"line":8,"column":880}},"loc":{"start":{"line":8,"column":883},"end":{"line":8,"column":992}},"line":8},"8":{"name":"_unsupportedIterableToArray","decl":{"start":{"line":10,"column":9},"end":{"line":10,"column":36}},"loc":{"start":{"line":10,"column":48},"end":{"line":10,"column":416}},"line":10},"9":{"name":"_arrayLikeToArray","decl":{"start":{"line":12,"column":9},"end":{"line":12,"column":26}},"loc":{"start":{"line":12,"column":37},"end":{"line":12,"column":183}},"line":12},"10":{"name":"emit","decl":{"start":{"line":21,"column":9},"end":{"line":21,"column":13}},"loc":{"start":{"line":21,"column":21},"end":{"line":68,"column":1}},"line":21},"11":{"name":"data","decl":{"start":{"line":70,"column":9},"end":{"line":70,"column":13}},"loc":{"start":{"line":70,"column":17},"end":{"line":85,"column":1}},"line":70},"12":{"name":"tagOpen","decl":{"start":{"line":87,"column":9},"end":{"line":87,"column":16}},"loc":{"start":{"line":87,"column":20},"end":{"line":103,"column":1}},"line":87},"13":{"name":"endTagOpen","decl":{"start":{"line":105,"column":9},"end":{"line":105,"column":19}},"loc":{"start":{"line":105,"column":23},"end":{"line":113,"column":1}},"line":105},"14":{"name":"tagName","decl":{"start":{"line":115,"column":9},"end":{"line":115,"column":16}},"loc":{"start":{"line":115,"column":20},"end":{"line":130,"column":1}},"line":115},"15":{"name":"beforeAttributeName","decl":{"start":{"line":132,"column":9},"end":{"line":132,"column":28}},"loc":{"start":{"line":132,"column":32},"end":{"line":144,"column":1}},"line":132},"16":{"name":"attributeName","decl":{"start":{"line":146,"column":9},"end":{"line":146,"column":22}},"loc":{"start":{"line":146,"column":26},"end":{"line":155,"column":1}},"line":146},"17":{"name":"afterAttributeName","decl":{"start":{"line":157,"column":9},"end":{"line":157,"column":27}},"loc":{"start":{"line":157,"column":31},"end":{"line":176,"column":1}},"line":157},"18":{"name":"beforeAttributeValue","decl":{"start":{"line":178,"column":9},"end":{"line":178,"column":29}},"loc":{"start":{"line":178,"column":33},"end":{"line":188,"column":1}},"line":178},"19":{"name":"doubleQuotedAttributeValue","decl":{"start":{"line":191,"column":9},"end":{"line":191,"column":35}},"loc":{"start":{"line":191,"column":39},"end":{"line":199,"column":1}},"line":191},"20":{"name":"singleQuotedAttributeValue","decl":{"start":{"line":202,"column":9},"end":{"line":202,"column":35}},"loc":{"start":{"line":202,"column":39},"end":{"line":210,"column":1}},"line":202},"21":{"name":"afterQuotedAttributeValue","decl":{"start":{"line":212,"column":9},"end":{"line":212,"column":34}},"loc":{"start":{"line":212,"column":38},"end":{"line":224,"column":1}},"line":212},"22":{"name":"UnquotedAttributeValue","decl":{"start":{"line":226,"column":9},"end":{"line":226,"column":31}},"loc":{"start":{"line":226,"column":35},"end":{"line":241,"column":1}},"line":226},"23":{"name":"selfClosingStartTag","decl":{"start":{"line":243,"column":9},"end":{"line":243,"column":28}},"loc":{"start":{"line":243,"column":32},"end":{"line":249,"column":1}},"line":243},"24":{"name":"parseHTML","decl":{"start":{"line":251,"column":9},"end":{"line":251,"column":18}},"loc":{"start":{"line":251,"column":25},"end":{"line":278,"column":1}},"line":251}},"branchMap":{"0":{"loc":{"start":{"line":8,"column":65},"end":{"line":8,"column":623}},"type":"if","locations":[{"start":{"line":8,"column":65},"end":{"line":8,"column":623}},{"start":{"line":8,"column":65},"end":{"line":8,"column":623}}],"line":8},"1":{"loc":{"start":{"line":8,"column":69},"end":{"line":8,"column":128}},"type":"binary-expr","locations":[{"start":{"line":8,"column":69},"end":{"line":8,"column":98}},{"start":{"line":8,"column":102},"end":{"line":8,"column":128}}],"line":8},"2":{"loc":{"start":{"line":8,"column":132},"end":{"line":8,"column":463}},"type":"if","locations":[{"start":{"line":8,"column":132},"end":{"line":8,"column":463}},{"start":{"line":8,"column":132},"end":{"line":8,"column":463}}],"line":8},"3":{"loc":{"start":{"line":8,"column":136},"end":{"line":8,"column":248}},"type":"binary-expr","locations":[{"start":{"line":8,"column":136},"end":{"line":8,"column":152}},{"start":{"line":8,"column":157},"end":{"line":8,"column":192}},{"start":{"line":8,"column":197},"end":{"line":8,"column":211}},{"start":{"line":8,"column":215},"end":{"line":8,"column":216}},{"start":{"line":8,"column":220},"end":{"line":8,"column":248}}],"line":8},"4":{"loc":{"start":{"line":8,"column":252},"end":{"line":8,"column":267}},"type":"if","locations":[{"start":{"line":8,"column":252},"end":{"line":8,"column":267}},{"start":{"line":8,"column":252},"end":{"line":8,"column":267}}],"line":8},"5":{"loc":{"start":{"line":8,"column":337},"end":{"line":8,"column":378}},"type":"if","locations":[{"start":{"line":8,"column":337},"end":{"line":8,"column":378}},{"start":{"line":8,"column":337},"end":{"line":8,"column":378}}],"line":8},"6":{"loc":{"start":{"line":8,"column":891},"end":{"line":8,"column":953}},"type":"if","locations":[{"start":{"line":8,"column":891},"end":{"line":8,"column":953}},{"start":{"line":8,"column":891},"end":{"line":8,"column":953}}],"line":8},"7":{"loc":{"start":{"line":8,"column":895},"end":{"line":8,"column":936}},"type":"binary-expr","locations":[{"start":{"line":8,"column":895},"end":{"line":8,"column":912}},{"start":{"line":8,"column":916},"end":{"line":8,"column":936}}],"line":8},"8":{"loc":{"start":{"line":8,"column":966},"end":{"line":8,"column":988}},"type":"if","locations":[{"start":{"line":8,"column":966},"end":{"line":8,"column":988}},{"start":{"line":8,"column":966},"end":{"line":8,"column":988}}],"line":8},"9":{"loc":{"start":{"line":10,"column":50},"end":{"line":10,"column":65}},"type":"if","locations":[{"start":{"line":10,"column":50},"end":{"line":10,"column":65}},{"start":{"line":10,"column":50},"end":{"line":10,"column":65}}],"line":10},"10":{"loc":{"start":{"line":10,"column":66},"end":{"line":10,"column":129}},"type":"if","locations":[{"start":{"line":10,"column":66},"end":{"line":10,"column":129}},{"start":{"line":10,"column":66},"end":{"line":10,"column":129}}],"line":10},"11":{"loc":{"start":{"line":10,"column":186},"end":{"line":10,"column":246}},"type":"if","locations":[{"start":{"line":10,"column":186},"end":{"line":10,"column":246}},{"start":{"line":10,"column":186},"end":{"line":10,"column":246}}],"line":10},"12":{"loc":{"start":{"line":10,"column":190},"end":{"line":10,"column":221}},"type":"binary-expr","locations":[{"start":{"line":10,"column":190},"end":{"line":10,"column":204}},{"start":{"line":10,"column":208},"end":{"line":10,"column":221}}],"line":10},"13":{"loc":{"start":{"line":10,"column":247},"end":{"line":10,"column":300}},"type":"if","locations":[{"start":{"line":10,"column":247},"end":{"line":10,"column":300}},{"start":{"line":10,"column":247},"end":{"line":10,"column":300}}],"line":10},"14":{"loc":{"start":{"line":10,"column":251},"end":{"line":10,"column":277}},"type":"binary-expr","locations":[{"start":{"line":10,"column":251},"end":{"line":10,"column":262}},{"start":{"line":10,"column":266},"end":{"line":10,"column":277}}],"line":10},"15":{"loc":{"start":{"line":10,"column":301},"end":{"line":10,"column":414}},"type":"if","locations":[{"start":{"line":10,"column":301},"end":{"line":10,"column":414}},{"start":{"line":10,"column":301},"end":{"line":10,"column":414}}],"line":10},"16":{"loc":{"start":{"line":10,"column":305},"end":{"line":10,"column":376}},"type":"binary-expr","locations":[{"start":{"line":10,"column":305},"end":{"line":10,"column":322}},{"start":{"line":10,"column":326},"end":{"line":10,"column":376}}],"line":10},"17":{"loc":{"start":{"line":12,"column":39},"end":{"line":12,"column":93}},"type":"if","locations":[{"start":{"line":12,"column":39},"end":{"line":12,"column":93}},{"start":{"line":12,"column":39},"end":{"line":12,"column":93}}],"line":12},"18":{"loc":{"start":{"line":12,"column":43},"end":{"line":12,"column":74}},"type":"binary-expr","locations":[{"start":{"line":12,"column":43},"end":{"line":12,"column":54}},{"start":{"line":12,"column":58},"end":{"line":12,"column":74}}],"line":12},"19":{"loc":{"start":{"line":24,"column":2},"end":{"line":67,"column":3}},"type":"if","locations":[{"start":{"line":24,"column":2},"end":{"line":67,"column":3}},{"start":{"line":24,"column":2},"end":{"line":67,"column":3}}],"line":24},"20":{"loc":{"start":{"line":33,"column":6},"end":{"line":38,"column":7}},"type":"if","locations":[{"start":{"line":33,"column":6},"end":{"line":38,"column":7}},{"start":{"line":33,"column":6},"end":{"line":38,"column":7}}],"line":33},"21":{"loc":{"start":{"line":33,"column":10},"end":{"line":33,"column":41}},"type":"binary-expr","locations":[{"start":{"line":33,"column":10},"end":{"line":33,"column":22}},{"start":{"line":33,"column":26},"end":{"line":33,"column":41}}],"line":33},"22":{"loc":{"start":{"line":44,"column":4},"end":{"line":46,"column":5}},"type":"if","locations":[{"start":{"line":44,"column":4},"end":{"line":46,"column":5}},{"start":{"line":44,"column":4},"end":{"line":46,"column":5}}],"line":44},"23":{"loc":{"start":{"line":49,"column":9},"end":{"line":67,"column":3}},"type":"if","locations":[{"start":{"line":49,"column":9},"end":{"line":67,"column":3}},{"start":{"line":49,"column":9},"end":{"line":67,"column":3}}],"line":49},"24":{"loc":{"start":{"line":50,"column":4},"end":{"line":54,"column":5}},"type":"if","locations":[{"start":{"line":50,"column":4},"end":{"line":54,"column":5}},{"start":{"line":50,"column":4},"end":{"line":54,"column":5}}],"line":50},"25":{"loc":{"start":{"line":57,"column":9},"end":{"line":67,"column":3}},"type":"if","locations":[{"start":{"line":57,"column":9},"end":{"line":67,"column":3}},{"start":{"line":57,"column":9},"end":{"line":67,"column":3}}],"line":57},"26":{"loc":{"start":{"line":58,"column":4},"end":{"line":64,"column":5}},"type":"if","locations":[{"start":{"line":58,"column":4},"end":{"line":64,"column":5}},{"start":{"line":58,"column":4},"end":{"line":64,"column":5}}],"line":58},"27":{"loc":{"start":{"line":71,"column":2},"end":{"line":84,"column":3}},"type":"if","locations":[{"start":{"line":71,"column":2},"end":{"line":84,"column":3}},{"start":{"line":71,"column":2},"end":{"line":84,"column":3}}],"line":71},"28":{"loc":{"start":{"line":73,"column":9},"end":{"line":84,"column":3}},"type":"if","locations":[{"start":{"line":73,"column":9},"end":{"line":84,"column":3}},{"start":{"line":73,"column":9},"end":{"line":84,"column":3}}],"line":73},"29":{"loc":{"start":{"line":88,"column":2},"end":{"line":102,"column":3}},"type":"if","locations":[{"start":{"line":88,"column":2},"end":{"line":102,"column":3}},{"start":{"line":88,"column":2},"end":{"line":102,"column":3}}],"line":88},"30":{"loc":{"start":{"line":90,"column":9},"end":{"line":102,"column":3}},"type":"if","locations":[{"start":{"line":90,"column":9},"end":{"line":102,"column":3}},{"start":{"line":90,"column":9},"end":{"line":102,"column":3}}],"line":90},"31":{"loc":{"start":{"line":106,"column":2},"end":{"line":112,"column":55}},"type":"if","locations":[{"start":{"line":106,"column":2},"end":{"line":112,"column":55}},{"start":{"line":106,"column":2},"end":{"line":112,"column":55}}],"line":106},"32":{"loc":{"start":{"line":112,"column":9},"end":{"line":112,"column":55}},"type":"if","locations":[{"start":{"line":112,"column":9},"end":{"line":112,"column":55}},{"start":{"line":112,"column":9},"end":{"line":112,"column":55}}],"line":112},"33":{"loc":{"start":{"line":112,"column":31},"end":{"line":112,"column":55}},"type":"if","locations":[{"start":{"line":112,"column":31},"end":{"line":112,"column":55}},{"start":{"line":112,"column":31},"end":{"line":112,"column":55}}],"line":112},"34":{"loc":{"start":{"line":116,"column":2},"end":{"line":129,"column":3}},"type":"if","locations":[{"start":{"line":116,"column":2},"end":{"line":129,"column":3}},{"start":{"line":116,"column":2},"end":{"line":129,"column":3}}],"line":116},"35":{"loc":{"start":{"line":118,"column":9},"end":{"line":129,"column":3}},"type":"if","locations":[{"start":{"line":118,"column":9},"end":{"line":129,"column":3}},{"start":{"line":118,"column":9},"end":{"line":129,"column":3}}],"line":118},"36":{"loc":{"start":{"line":120,"column":9},"end":{"line":129,"column":3}},"type":"if","locations":[{"start":{"line":120,"column":9},"end":{"line":129,"column":3}},{"start":{"line":120,"column":9},"end":{"line":129,"column":3}}],"line":120},"37":{"loc":{"start":{"line":123,"column":9},"end":{"line":129,"column":3}},"type":"if","locations":[{"start":{"line":123,"column":9},"end":{"line":129,"column":3}},{"start":{"line":123,"column":9},"end":{"line":129,"column":3}}],"line":123},"38":{"loc":{"start":{"line":133,"column":2},"end":{"line":143,"column":3}},"type":"if","locations":[{"start":{"line":133,"column":2},"end":{"line":143,"column":3}},{"start":{"line":133,"column":2},"end":{"line":143,"column":3}}],"line":133},"39":{"loc":{"start":{"line":135,"column":9},"end":{"line":143,"column":3}},"type":"if","locations":[{"start":{"line":135,"column":9},"end":{"line":143,"column":3}},{"start":{"line":135,"column":9},"end":{"line":143,"column":3}}],"line":135},"40":{"loc":{"start":{"line":135,"column":13},"end":{"line":135,"column":45}},"type":"binary-expr","locations":[{"start":{"line":135,"column":13},"end":{"line":135,"column":21}},{"start":{"line":135,"column":25},"end":{"line":135,"column":33}},{"start":{"line":135,"column":37},"end":{"line":135,"column":45}}],"line":135},"41":{"loc":{"start":{"line":137,"column":9},"end":{"line":143,"column":3}},"type":"if","locations":[{"start":{"line":137,"column":9},"end":{"line":143,"column":3}},{"start":{"line":137,"column":9},"end":{"line":143,"column":3}}],"line":137},"42":{"loc":{"start":{"line":147,"column":2},"end":{"line":154,"column":3}},"type":"if","locations":[{"start":{"line":147,"column":2},"end":{"line":154,"column":3}},{"start":{"line":147,"column":2},"end":{"line":154,"column":3}}],"line":147},"43":{"loc":{"start":{"line":147,"column":6},"end":{"line":147,"column":64}},"type":"binary-expr","locations":[{"start":{"line":147,"column":6},"end":{"line":147,"column":28}},{"start":{"line":147,"column":32},"end":{"line":147,"column":40}},{"start":{"line":147,"column":44},"end":{"line":147,"column":52}},{"start":{"line":147,"column":56},"end":{"line":147,"column":64}}],"line":147},"44":{"loc":{"start":{"line":149,"column":9},"end":{"line":154,"column":3}},"type":"if","locations":[{"start":{"line":149,"column":9},"end":{"line":154,"column":3}},{"start":{"line":149,"column":9},"end":{"line":154,"column":3}}],"line":149},"45":{"loc":{"start":{"line":151,"column":9},"end":{"line":154,"column":3}},"type":"if","locations":[{"start":{"line":151,"column":9},"end":{"line":154,"column":3}},{"start":{"line":151,"column":9},"end":{"line":154,"column":3}}],"line":151},"46":{"loc":{"start":{"line":151,"column":32},"end":{"line":154,"column":3}},"type":"if","locations":[{"start":{"line":151,"column":32},"end":{"line":154,"column":3}},{"start":{"line":151,"column":32},"end":{"line":154,"column":3}}],"line":151},"47":{"loc":{"start":{"line":151,"column":36},"end":{"line":151,"column":69}},"type":"binary-expr","locations":[{"start":{"line":151,"column":36},"end":{"line":151,"column":45}},{"start":{"line":151,"column":49},"end":{"line":151,"column":57}},{"start":{"line":151,"column":61},"end":{"line":151,"column":69}}],"line":151},"48":{"loc":{"start":{"line":158,"column":2},"end":{"line":175,"column":3}},"type":"if","locations":[{"start":{"line":158,"column":2},"end":{"line":175,"column":3}},{"start":{"line":158,"column":2},"end":{"line":175,"column":3}}],"line":158},"49":{"loc":{"start":{"line":160,"column":9},"end":{"line":175,"column":3}},"type":"if","locations":[{"start":{"line":160,"column":9},"end":{"line":175,"column":3}},{"start":{"line":160,"column":9},"end":{"line":175,"column":3}}],"line":160},"50":{"loc":{"start":{"line":162,"column":9},"end":{"line":175,"column":3}},"type":"if","locations":[{"start":{"line":162,"column":9},"end":{"line":175,"column":3}},{"start":{"line":162,"column":9},"end":{"line":175,"column":3}}],"line":162},"51":{"loc":{"start":{"line":164,"column":9},"end":{"line":175,"column":3}},"type":"if","locations":[{"start":{"line":164,"column":9},"end":{"line":175,"column":3}},{"start":{"line":164,"column":9},"end":{"line":175,"column":3}}],"line":164},"52":{"loc":{"start":{"line":168,"column":9},"end":{"line":175,"column":3}},"type":"if","locations":[{"start":{"line":168,"column":9},"end":{"line":175,"column":3}},{"start":{"line":168,"column":9},"end":{"line":175,"column":3}}],"line":168},"53":{"loc":{"start":{"line":179,"column":2},"end":{"line":187,"column":3}},"type":"if","locations":[{"start":{"line":179,"column":2},"end":{"line":187,"column":3}},{"start":{"line":179,"column":2},"end":{"line":187,"column":3}}],"line":179},"54":{"loc":{"start":{"line":179,"column":6},"end":{"line":179,"column":64}},"type":"binary-expr","locations":[{"start":{"line":179,"column":6},"end":{"line":179,"column":28}},{"start":{"line":179,"column":32},"end":{"line":179,"column":40}},{"start":{"line":179,"column":44},"end":{"line":179,"column":52}},{"start":{"line":179,"column":56},"end":{"line":179,"column":64}}],"line":179},"55":{"loc":{"start":{"line":181,"column":9},"end":{"line":187,"column":3}},"type":"if","locations":[{"start":{"line":181,"column":9},"end":{"line":187,"column":3}},{"start":{"line":181,"column":9},"end":{"line":187,"column":3}}],"line":181},"56":{"loc":{"start":{"line":183,"column":9},"end":{"line":187,"column":3}},"type":"if","locations":[{"start":{"line":183,"column":9},"end":{"line":187,"column":3}},{"start":{"line":183,"column":9},"end":{"line":187,"column":3}}],"line":183},"57":{"loc":{"start":{"line":185,"column":9},"end":{"line":187,"column":3}},"type":"if","locations":[{"start":{"line":185,"column":9},"end":{"line":187,"column":3}},{"start":{"line":185,"column":9},"end":{"line":187,"column":3}}],"line":185},"58":{"loc":{"start":{"line":192,"column":2},"end":{"line":198,"column":3}},"type":"if","locations":[{"start":{"line":192,"column":2},"end":{"line":198,"column":3}},{"start":{"line":192,"column":2},"end":{"line":198,"column":3}}],"line":192},"59":{"loc":{"start":{"line":195,"column":9},"end":{"line":198,"column":3}},"type":"if","locations":[{"start":{"line":195,"column":9},"end":{"line":198,"column":3}},{"start":{"line":195,"column":9},"end":{"line":198,"column":3}}],"line":195},"60":{"loc":{"start":{"line":195,"column":32},"end":{"line":198,"column":3}},"type":"if","locations":[{"start":{"line":195,"column":32},"end":{"line":198,"column":3}},{"start":{"line":195,"column":32},"end":{"line":198,"column":3}}],"line":195},"61":{"loc":{"start":{"line":203,"column":2},"end":{"line":209,"column":3}},"type":"if","locations":[{"start":{"line":203,"column":2},"end":{"line":209,"column":3}},{"start":{"line":203,"column":2},"end":{"line":209,"column":3}}],"line":203},"62":{"loc":{"start":{"line":206,"column":9},"end":{"line":209,"column":3}},"type":"if","locations":[{"start":{"line":206,"column":9},"end":{"line":209,"column":3}},{"start":{"line":206,"column":9},"end":{"line":209,"column":3}}],"line":206},"63":{"loc":{"start":{"line":206,"column":32},"end":{"line":209,"column":3}},"type":"if","locations":[{"start":{"line":206,"column":32},"end":{"line":209,"column":3}},{"start":{"line":206,"column":32},"end":{"line":209,"column":3}}],"line":206},"64":{"loc":{"start":{"line":213,"column":2},"end":{"line":223,"column":3}},"type":"if","locations":[{"start":{"line":213,"column":2},"end":{"line":223,"column":3}},{"start":{"line":213,"column":2},"end":{"line":223,"column":3}}],"line":213},"65":{"loc":{"start":{"line":215,"column":9},"end":{"line":223,"column":3}},"type":"if","locations":[{"start":{"line":215,"column":9},"end":{"line":223,"column":3}},{"start":{"line":215,"column":9},"end":{"line":223,"column":3}}],"line":215},"66":{"loc":{"start":{"line":217,"column":9},"end":{"line":223,"column":3}},"type":"if","locations":[{"start":{"line":217,"column":9},"end":{"line":223,"column":3}},{"start":{"line":217,"column":9},"end":{"line":223,"column":3}}],"line":217},"67":{"loc":{"start":{"line":221,"column":9},"end":{"line":223,"column":3}},"type":"if","locations":[{"start":{"line":221,"column":9},"end":{"line":223,"column":3}},{"start":{"line":221,"column":9},"end":{"line":223,"column":3}}],"line":221},"68":{"loc":{"start":{"line":227,"column":2},"end":{"line":240,"column":3}},"type":"if","locations":[{"start":{"line":227,"column":2},"end":{"line":240,"column":3}},{"start":{"line":227,"column":2},"end":{"line":240,"column":3}}],"line":227},"69":{"loc":{"start":{"line":230,"column":9},"end":{"line":240,"column":3}},"type":"if","locations":[{"start":{"line":230,"column":9},"end":{"line":240,"column":3}},{"start":{"line":230,"column":9},"end":{"line":240,"column":3}}],"line":230},"70":{"loc":{"start":{"line":233,"column":9},"end":{"line":240,"column":3}},"type":"if","locations":[{"start":{"line":233,"column":9},"end":{"line":240,"column":3}},{"start":{"line":233,"column":9},"end":{"line":240,"column":3}}],"line":233},"71":{"loc":{"start":{"line":237,"column":9},"end":{"line":240,"column":3}},"type":"if","locations":[{"start":{"line":237,"column":9},"end":{"line":240,"column":3}},{"start":{"line":237,"column":9},"end":{"line":240,"column":3}}],"line":237},"72":{"loc":{"start":{"line":237,"column":32},"end":{"line":240,"column":3}},"type":"if","locations":[{"start":{"line":237,"column":32},"end":{"line":240,"column":3}},{"start":{"line":237,"column":32},"end":{"line":240,"column":3}}],"line":237},"73":{"loc":{"start":{"line":237,"column":36},"end":{"line":237,"column":93}},"type":"binary-expr","locations":[{"start":{"line":237,"column":36},"end":{"line":237,"column":45}},{"start":{"line":237,"column":49},"end":{"line":237,"column":57}},{"start":{"line":237,"column":61},"end":{"line":237,"column":69}},{"start":{"line":237,"column":73},"end":{"line":237,"column":81}},{"start":{"line":237,"column":85},"end":{"line":237,"column":93}}],"line":237},"74":{"loc":{"start":{"line":237,"column":103},"end":{"line":240,"column":3}},"type":"if","locations":[{"start":{"line":237,"column":103},"end":{"line":240,"column":3}},{"start":{"line":237,"column":103},"end":{"line":240,"column":3}}],"line":237},"75":{"loc":{"start":{"line":244,"column":2},"end":{"line":248,"column":35}},"type":"if","locations":[{"start":{"line":244,"column":2},"end":{"line":248,"column":35}},{"start":{"line":244,"column":2},"end":{"line":248,"column":35}}],"line":244},"76":{"loc":{"start":{"line":248,"column":9},"end":{"line":248,"column":35}},"type":"if","locations":[{"start":{"line":248,"column":9},"end":{"line":248,"column":35}},{"start":{"line":248,"column":9},"end":{"line":248,"column":35}}],"line":248}},"s":{"0":1,"1":1,"2":12,"3":0,"4":0,"5":0,"6":0,"7":0,"8":0,"9":0,"10":0,"11":0,"12":0,"13":0,"14":12,"15":12,"16":12,"17":12,"18":174,"19":174,"20":174,"21":0,"22":0,"23":12,"24":12,"25":0,"26":12,"27":0,"28":0,"29":0,"30":0,"31":0,"32":0,"33":0,"34":0,"35":0,"36":0,"37":0,"38":0,"39":0,"40":0,"41":0,"42":0,"43":0,"44":0,"45":0,"46":1,"47":1,"48":1,"49":1,"50":38,"51":38,"52":11,"53":11,"54":11,"55":36,"56":14,"57":11,"58":11,"59":11,"60":7,"61":11,"62":27,"63":7,"64":0,"65":7,"66":7,"67":20,"68":8,"69":2,"70":2,"71":8,"72":38,"73":19,"74":19,"75":12,"76":12,"77":7,"78":7,"79":19,"80":7,"81":12,"82":11,"83":11,"84":1,"85":1,"86":7,"87":7,"88":7,"89":0,"90":0,"91":36,"92":10,"93":26,"94":0,"95":26,"96":1,"97":1,"98":25,"99":8,"100":8,"101":17,"102":17,"103":12,"104":0,"105":12,"106":3,"107":9,"108":9,"109":9,"110":38,"111":4,"112":34,"113":6,"114":28,"115":28,"116":28,"117":28,"118":9,"119":2,"120":7,"121":2,"122":5,"123":0,"124":5,"125":4,"126":4,"127":4,"128":1,"129":1,"130":1,"131":1,"132":6,"133":0,"134":6,"135":2,"136":4,"137":1,"138":3,"139":3,"140":24,"141":2,"142":2,"143":22,"144":22,"145":22,"146":22,"147":4,"148":1,"149":1,"150":3,"151":3,"152":3,"153":3,"154":3,"155":1,"156":2,"157":1,"158":1,"159":1,"160":1,"161":1,"162":0,"163":0,"164":12,"165":1,"166":1,"167":11,"168":1,"169":1,"170":10,"171":1,"172":1,"173":1,"174":9,"175":9,"176":9,"177":9,"178":9,"179":4,"180":4,"181":4,"182":4,"183":0,"184":12,"185":12,"186":12,"187":12,"188":12,"189":12,"190":12,"191":12,"192":162,"193":162,"194":0,"195":12,"196":12,"197":12},"f":{"0":12,"1":0,"2":0,"3":0,"4":12,"5":174,"6":0,"7":12,"8":0,"9":0,"10":38,"11":38,"12":19,"13":7,"14":36,"15":12,"16":38,"17":9,"18":6,"19":24,"20":4,"21":3,"22":12,"23":4,"24":12},"b":{"0":[0,12],"1":[12,12],"2":[0,0],"3":[0,0,0,0,0],"4":[0,0],"5":[0,0],"6":[0,12],"7":[12,0],"8":[0,12],"9":[0,0],"10":[0,0],"11":[0,0],"12":[0,0],"13":[0,0],"14":[0,0],"15":[0,0],"16":[0,0],"17":[0,0],"18":[0,0],"19":[11,27],"20":[14,22],"21":[36,25],"22":[7,4],"23":[7,20],"24":[0,7],"25":[8,12],"26":[2,6],"27":[19,19],"28":[12,7],"29":[7,12],"30":[11,1],"31":[7,0],"32":[0,0],"33":[0,0],"34":[10,26],"35":[0,26],"36":[1,25],"37":[8,17],"38":[0,12],"39":[3,9],"40":[12,10,9],"41":[0,9],"42":[4,34],"43":[38,36,36,34],"44":[6,28],"45":[0,28],"46":[0,28],"47":[28,28,28],"48":[2,7],"49":[2,5],"50":[0,5],"51":[4,1],"52":[0,1],"53":[0,6],"54":[6,6,6,6],"55":[2,4],"56":[1,3],"57":[0,3],"58":[2,22],"59":[0,22],"60":[0,22],"61":[1,3],"62":[0,3],"63":[0,3],"64":[1,2],"65":[1,1],"66":[1,0],"67":[0,0],"68":[1,11],"69":[1,10],"70":[1,9],"71":[0,9],"72":[0,9],"73":[9,9,9,9,9],"74":[0,9],"75":[4,0],"76":[0,0]},"inputSourceMap":{"version":3,"sources":["parser.js"],"names":["EOF","Symbol","stack","currentToken","currentAttribute","currentTextNode","emit","token","top","length","type","element","children","attributes","tagName","p","push","name","value","parent","isSelfClosing","Error","pop","content","data","c","tagOpen","endTagOpen","match","beforeAttributeName","selfClosingStartTag","afterAttributeName","attributeName","beforeAttributeValue","doubleQuotedAttributeValue","singleQuotedAttributeValue","UnquotedAttributeValue","afterQuotedAttributeValue","parseHTML","html","state"],"mappings":";;;;;;;;;;;;;AAAA,IAAMA,GAAG,GAAGC,MAAM,CAAC,KAAD,CAAlB,C,CAA2B;;AAE3B,IAAIC,KAAJ;AACA,IAAIC,YAAY,GAAG,IAAnB;AACA,IAAIC,gBAAgB,GAAG,IAAvB;AACA,IAAIC,eAAe,GAAG,IAAtB;;AAEA,SAASC,IAAT,CAAcC,KAAd,EAAqB;AAEjB,MAAIC,GAAG,GAAGN,KAAK,CAACA,KAAK,CAACO,MAAN,GAAe,CAAhB,CAAf;;AAEA,MAAIF,KAAK,CAACG,IAAN,KAAe,UAAnB,EAA+B;AAC3B,QAAIC,OAAO,GAAG;AACVD,MAAAA,IAAI,EAAE,SADI;AAEVE,MAAAA,QAAQ,EAAE,EAFA;AAGVC,MAAAA,UAAU,EAAE;AAHF,KAAd;AAMAF,IAAAA,OAAO,CAACG,OAAR,GAAkBP,KAAK,CAACO,OAAxB;;AAEA,SAAK,IAAIC,CAAT,IAAcR,KAAd,EAAqB;AACjB,UAAIQ,CAAC,KAAK,MAAN,IAAgBA,CAAC,KAAK,SAA1B,EAAqC;AACjCJ,QAAAA,OAAO,CAACE,UAAR,CAAmBG,IAAnB,CAAwB;AACpBC,UAAAA,IAAI,EAAEF,CADc;AAEpBG,UAAAA,KAAK,EAAEX,KAAK,CAACQ,CAAD;AAFQ,SAAxB;AAIH;AACJ;;AAEDP,IAAAA,GAAG,CAACI,QAAJ,CAAaI,IAAb,CAAkBL,OAAlB;AACAA,IAAAA,OAAO,CAACQ,MAAR,GAAiBX,GAAjB;;AAEA,QAAI,CAACD,KAAK,CAACa,aAAX,EAA0B;AACtBlB,MAAAA,KAAK,CAACc,IAAN,CAAWL,OAAX;AACH;;AACDN,IAAAA,eAAe,GAAG,IAAlB;AAEH,GA1BD,MA0BO,IAAIE,KAAK,CAACG,IAAN,KAAe,QAAnB,EAA6B;AAChC,QAAIF,GAAG,CAACM,OAAJ,KAAgBP,KAAK,CAACO,OAA1B,EAAmC;AAC/B,YAAM,IAAIO,KAAJ,CAAU,8BAAV,CAAN;AACH,KAFD,MAEO;AACHnB,MAAAA,KAAK,CAACoB,GAAN;AACH;;AACDjB,IAAAA,eAAe,GAAG,IAAlB;AAEH,GARM,MAQA,IAAIE,KAAK,CAACG,IAAN,KAAe,MAAnB,EAA2B;AAC9B,QAAIL,eAAe,KAAK,IAAxB,EAA+B;AAC3BA,MAAAA,eAAe,GAAG;AACdK,QAAAA,IAAI,EAAE,MADQ;AAEda,QAAAA,OAAO,EAAE;AAFK,OAAlB;AAIAf,MAAAA,GAAG,CAACI,QAAJ,CAAaI,IAAb,CAAkBX,eAAlB;AACH;;AACDA,IAAAA,eAAe,CAACkB,OAAhB,IAA2BhB,KAAK,CAACgB,OAAjC;AACH;AAEJ;;AAED,SAASC,IAAT,CAAcC,CAAd,EAAiB;AACb,MAAIA,CAAC,IAAI,GAAT,EAAc;AACV,WAAOC,OAAP;AACH,GAFD,MAEO,IAAID,CAAC,IAAIzB,GAAT,EAAc;AACjBM,IAAAA,IAAI,CAAC;AACDI,MAAAA,IAAI,EAAE;AADL,KAAD,CAAJ;AAGA;AACH,GALM,MAKA;AACHJ,IAAAA,IAAI,CAAC;AACDI,MAAAA,IAAI,EAAE,MADL;AAEDa,MAAAA,OAAO,EAAEE;AAFR,KAAD,CAAJ;AAIA,WAAOD,IAAP;AACH;AACJ;;AAED,SAASE,OAAT,CAAiBD,CAAjB,EAAoB;AAChB,MAAIA,CAAC,IAAI,GAAT,EAAc;AACV,WAAOE,UAAP;AACH,GAFD,MAEO,IAAIF,CAAC,CAACG,KAAF,CAAQ,YAAR,CAAJ,EAA2B;AAC9BzB,IAAAA,YAAY,GAAG;AACXO,MAAAA,IAAI,EAAE,UADK;AAEXI,MAAAA,OAAO,EAAE;AAFE,KAAf;AAIA,WAAOA,OAAO,CAACW,CAAD,CAAd;AACH,GANM,MAMA;AACHnB,IAAAA,IAAI,CAAC;AACDI,MAAAA,IAAI,EAAE,MADL;AAEDa,MAAAA,OAAO,EAAEE;AAFR,KAAD,CAAJ;AAIA,WAAOD,IAAP;AACH;AACJ;;AAED,SAASG,UAAT,CAAoBF,CAApB,EAAuB;AACnB,MAAIA,CAAC,CAACG,KAAF,CAAQ,YAAR,CAAJ,EAA2B;AACvBzB,IAAAA,YAAY,GAAG;AACXO,MAAAA,IAAI,EAAE,QADK;AAEXI,MAAAA,OAAO,EAAE;AAFE,KAAf;AAIA,WAAOA,OAAO,CAACW,CAAD,CAAd;AACH,GAND,MAMO,IAAIA,CAAC,IAAI,GAAT,EAAc,CAEpB,CAFM,MAEA,IAAIA,CAAC,IAAIzB,GAAT,EAAc,CAEpB,CAFM,MAEA,CAEN;AACJ;;AAED,SAASc,OAAT,CAAiBW,CAAjB,EAAoB;AAChB,MAAIA,CAAC,CAACG,KAAF,CAAQ,aAAR,CAAJ,EAA4B;AACxB,WAAOC,mBAAP;AACH,GAFD,MAEO,IAAIJ,CAAC,IAAI,GAAT,EAAc;AACjB,WAAOK,mBAAP;AACH,GAFM,MAEA,IAAIL,CAAC,CAACG,KAAF,CAAQ,SAAR,CAAJ,EAAwB;AAC3BzB,IAAAA,YAAY,CAACW,OAAb,IAAwBW,CAAxB;AACA,WAAOX,OAAP;AACH,GAHM,MAGA,IAAGW,CAAC,IAAI,GAAR,EAAa;AAChBnB,IAAAA,IAAI,CAACH,YAAD,CAAJ;AACA,WAAOqB,IAAP;AACH,GAHM,MAGA;AACHrB,IAAAA,YAAY,CAACW,OAAb,IAAwBW,CAAxB;AACA,WAAOX,OAAP;AACH;AACJ;;AAED,SAASe,mBAAT,CAA6BJ,CAA7B,EAAgC;AAC5B,MAAIA,CAAC,CAACG,KAAF,CAAQ,aAAR,CAAJ,EAA4B;AACxB,WAAOC,mBAAP;AACH,GAFD,MAEO,IAAIJ,CAAC,IAAI,GAAL,IAAYA,CAAC,IAAI,GAAjB,IAAwBA,CAAC,IAAIzB,GAAjC,EAAsC;AACzC,WAAO+B,kBAAkB,CAACN,CAAD,CAAzB;AACH,GAFM,MAEA,IAAIA,CAAC,IAAI,GAAT,EAAc,CAEpB,CAFM,MAEA;AACHrB,IAAAA,gBAAgB,GAAG;AACfa,MAAAA,IAAI,EAAE,EADS;AAEfC,MAAAA,KAAK,EAAE;AAFQ,KAAnB;AAKA,WAAOc,aAAa,CAACP,CAAD,CAApB;AACH;AACJ;;AAED,SAASO,aAAT,CAAuBP,CAAvB,EAA0B;AACtB,MAAIA,CAAC,CAACG,KAAF,CAAQ,aAAR,KAA0BH,CAAC,IAAI,GAA/B,IAAsCA,CAAC,IAAI,GAA3C,IAAkDA,CAAC,IAAIzB,GAA3D,EAAgE;AAC5D,WAAO+B,kBAAkB,CAACN,CAAD,CAAzB;AACH,GAFD,MAEO,IAAIA,CAAC,IAAI,GAAT,EAAc;AACjB,WAAOQ,oBAAP;AACH,GAFM,MAEA,IAAIR,CAAC,IAAI,IAAT,EAAmB,CAEzB,CAFM,MAEA,IAAIA,CAAC,IAAI,IAAL,IAAaA,CAAC,IAAI,GAAlB,IAAyBA,CAAC,IAAI,GAAlC,EAAuC,CAE7C,CAFM,MAEA;AACHrB,IAAAA,gBAAgB,CAACa,IAAjB,IAAyBQ,CAAzB;AACA,WAAOO,aAAP;AACH;AACJ;;AAED,SAASD,kBAAT,CAA4BN,CAA5B,EAA+B;AAC3B,MAAIA,CAAC,CAACG,KAAF,CAAQ,aAAR,CAAJ,EAA4B;AACxB,WAAOG,kBAAP;AACH,GAFD,MAEO,IAAIN,CAAC,KAAK,GAAV,EAAe;AAClB,WAAOK,mBAAP;AACH,GAFM,MAEA,IAAIL,CAAC,KAAK,GAAV,EAAe;AAClB,WAAOQ,oBAAP;AACH,GAFM,MAEA,IAAIR,CAAC,KAAK,GAAV,EAAe;AAClBtB,IAAAA,YAAY,CAACC,gBAAgB,CAACa,IAAlB,CAAZ,GAAsCb,gBAAgB,CAACc,KAAvD;AACAZ,IAAAA,IAAI,CAACH,YAAD,CAAJ;AACA,WAAOqB,IAAP;AACH,GAJM,MAIA,IAAIC,CAAC,KAAKzB,GAAV,EAAe,CAErB,CAFM,MAEA;AACHG,IAAAA,YAAY,CAACC,gBAAgB,CAACa,IAAlB,CAAZ,GAAsCb,gBAAgB,CAACc,KAAvD;AACAd,IAAAA,gBAAgB,GAAG;AACfa,MAAAA,IAAI,EAAE,EADS;AAEfC,MAAAA,KAAK,EAAE;AAFQ,KAAnB;AAIA,WAAOc,aAAa,CAACP,CAAD,CAApB;AACH;AACJ;;AAED,SAASQ,oBAAT,CAA8BR,CAA9B,EAAiC;AAC7B,MAAIA,CAAC,CAACG,KAAF,CAAQ,aAAR,KAA0BH,CAAC,IAAI,GAA/B,IAAsCA,CAAC,IAAI,GAA3C,IAAkDA,CAAC,IAAIzB,GAA3D,EAAgE;AAC5D,WAAOiC,oBAAP;AACH,GAFD,MAEO,IAAIR,CAAC,IAAI,IAAT,EAAe;AAClB,WAAOS,0BAAP;AACH,GAFM,MAEA,IAAIT,CAAC,IAAI,IAAT,EAAe;AAClB,WAAOU,0BAAP;AACH,GAFM,MAEA,IAAIV,CAAC,IAAI,GAAT,EAAc,CAEpB,CAFM,MAEA;AACH,WAAOW,sBAAsB,CAACX,CAAD,CAA7B;AACH;AACJ,C,CAED;;;AACA,SAASS,0BAAT,CAAoCT,CAApC,EAAuC;AACnC,MAAIA,CAAC,IAAI,IAAT,EAAe;AACXtB,IAAAA,YAAY,CAACC,gBAAgB,CAACa,IAAlB,CAAZ,GAAsCb,gBAAgB,CAACc,KAAvD;AACA,WAAOmB,yBAAP;AACH,GAHD,MAGO,IAAIZ,CAAC,IAAI,IAAT,EAAmB,CAEzB,CAFM,MAEA,IAAIA,CAAC,IAAIzB,GAAT,EAAc,CAEpB,CAFM,MAEA;AACHI,IAAAA,gBAAgB,CAACc,KAAjB,IAA0BO,CAA1B;AACA,WAAOS,0BAAP;AACH;AACJ,C,CAED;;;AACA,SAASC,0BAAT,CAAoCV,CAApC,EAAuC;AACnC,MAAIA,CAAC,IAAI,IAAT,EAAe;AACXtB,IAAAA,YAAY,CAACC,gBAAgB,CAACa,IAAlB,CAAZ,GAAsCb,gBAAgB,CAACc,KAAvD;AACA,WAAOmB,yBAAP;AACH,GAHD,MAGO,IAAIZ,CAAC,IAAI,IAAT,EAAmB,CAEzB,CAFM,MAEA,IAAIA,CAAC,IAAIzB,GAAT,EAAc,CAEpB,CAFM,MAEA;AACHI,IAAAA,gBAAgB,CAACc,KAAjB,IAA0BO,CAA1B;AACA,WAAOU,0BAAP;AACH;AACJ;;AAED,SAASE,yBAAT,CAAmCZ,CAAnC,EAAsC;AAClC,MAAIA,CAAC,CAACG,KAAF,CAAQ,aAAR,CAAJ,EAA4B;AACxB,WAAOC,mBAAP;AACH,GAFD,MAEO,IAAIJ,CAAC,IAAI,GAAT,EAAc;AACjB,WAAOK,mBAAP;AACH,GAFM,MAEA,IAAIL,CAAC,IAAI,GAAT,EAAc;AACjBtB,IAAAA,YAAY,CAACC,gBAAgB,CAACa,IAAlB,CAAZ,GAAsCb,gBAAgB,CAACc,KAAvD;AACAZ,IAAAA,IAAI,CAACH,YAAD,CAAJ;AACA,WAAOqB,IAAP;AACH,GAJM,MAIA,IAAIC,CAAC,IAAIzB,GAAT,EAAc,CAEpB,CAFM,MAEA;AACH,UAAM,IAAIqB,KAAJ,CAAU,2BAA2BI,CAA3B,GAA+B,IAAzC,CAAN;AACH;AACJ;;AAED,SAASW,sBAAT,CAAgCX,CAAhC,EAAmC;AAC/B,MAAIA,CAAC,CAACG,KAAF,CAAQ,aAAR,CAAJ,EAA4B;AACxBzB,IAAAA,YAAY,CAACC,gBAAgB,CAACa,IAAlB,CAAZ,GAAsCb,gBAAgB,CAACc,KAAvD;AACA,WAAOW,mBAAP;AACH,GAHD,MAGO,IAAIJ,CAAC,IAAI,GAAT,EAAc;AACjBtB,IAAAA,YAAY,CAACC,gBAAgB,CAACa,IAAlB,CAAZ,GAAsCb,gBAAgB,CAACc,KAAvD;AACA,WAAOY,mBAAP;AACH,GAHM,MAGA,IAAIL,CAAC,IAAI,GAAT,EAAc;AACjBtB,IAAAA,YAAY,CAACC,gBAAgB,CAACa,IAAlB,CAAZ,GAAsCb,gBAAgB,CAACc,KAAvD;AACAZ,IAAAA,IAAI,CAACH,YAAD,CAAJ;AACA,WAAOqB,IAAP;AACH,GAJM,MAIA,IAAIC,CAAC,IAAI,IAAT,EAAmB,CAEzB,CAFM,MAEA,IAAIA,CAAC,IAAI,IAAL,IAAaA,CAAC,IAAI,GAAlB,IAAyBA,CAAC,IAAI,GAA9B,IAAqCA,CAAC,IAAI,GAA1C,IAAiDA,CAAC,IAAI,GAA1D,EAA+D,CAErE,CAFM,MAEA,IAAIA,CAAC,IAAIzB,GAAT,EAAc,CAEpB,CAFM,MAEA;AACHI,IAAAA,gBAAgB,CAACc,KAAjB,IAA0BO,CAA1B;AACA,WAAOW,sBAAP;AACH;AACJ;;AAED,SAASN,mBAAT,CAA6BL,CAA7B,EAAgC;AAC5B,MAAIA,CAAC,IAAI,GAAT,EAAc;AACVtB,IAAAA,YAAY,CAACiB,aAAb,GAA6B,IAA7B;AACAd,IAAAA,IAAI,CAACH,YAAD,CAAJ;AACA,WAAOqB,IAAP;AACH,GAJD,MAIO,IAAIC,CAAC,IAAI,KAAT,EAAgB,CAEtB,CAFM,MAEA,CAEN;AACJ;;AAEM,SAASa,SAAT,CAAmBC,IAAnB,EAAyB;AAE5B;AACArC,EAAAA,KAAK,GAAG,CAAC;AAACQ,IAAAA,IAAI,EAAE,UAAP;AAAmBE,IAAAA,QAAQ,EAAC;AAA5B,GAAD,CAAR;AACAT,EAAAA,YAAY,GAAG,IAAf;AACAC,EAAAA,gBAAgB,GAAG,IAAnB;AACAC,EAAAA,eAAe,GAAG,IAAlB;AAEA,MAAImC,KAAK,GAAGhB,IAAZ;;AAR4B,6CASde,IATc;AAAA;;AAAA;AAS5B,wDAAoB;AAAA,UAAXd,CAAW;AAChBe,MAAAA,KAAK,GAAGA,KAAK,CAACf,CAAD,CAAb;AACH;AAX2B;AAAA;AAAA;AAAA;AAAA;;AAY5Be,EAAAA,KAAK,GAAGA,KAAK,CAACxC,GAAD,CAAb;AACA,SAAOE,KAAK,CAAC,CAAD,CAAZ;AACH","sourceRoot":"/Users/xingyuefeng/code/github/Frontend-06-Template/Week 18/html-parser/src/","sourcesContent":["const EOF = Symbol(\"EOF\"); // EOF: End Of File\n\nlet stack;\nlet currentToken = null;\nlet currentAttribute = null;\nlet currentTextNode = null;\n\nfunction emit(token) {\n    \n    let top = stack[stack.length - 1];\n\n    if (token.type === \"startTag\") {\n        let element = {\n            type: \"element\",\n            children: [],\n            attributes: []\n        };\n\n        element.tagName = token.tagName;\n\n        for (let p in token) {\n            if (p !== \"type\" && p !== \"tagName\") {\n                element.attributes.push({\n                    name: p,\n                    value: token[p]\n                });\n            }\n        }\n\n        top.children.push(element);\n        element.parent = top;\n\n        if (!token.isSelfClosing) {\n            stack.push(element);\n        }\n        currentTextNode = null;\n\n    } else if (token.type === \"endTag\") {\n        if (top.tagName !== token.tagName) {\n            throw new Error(\"Tag start end doesn't match!\");\n        } else {\n            stack.pop();\n        }\n        currentTextNode = null;\n\n    } else if (token.type === \"text\") {\n        if (currentTextNode === null ) {\n            currentTextNode = {\n                type: \"text\",\n                content: \"\"\n            }\n            top.children.push(currentTextNode);\n        }\n        currentTextNode.content += token.content;\n    }\n\n}\n\nfunction data(c) {\n    if (c == \"<\") {\n        return tagOpen;\n    } else if (c == EOF) {\n        emit({\n            type: \"EOF\"\n        });\n        return ;\n    } else {\n        emit({\n            type: \"text\",\n            content: c\n        });\n        return data;\n    }\n}\n\nfunction tagOpen(c) {\n    if (c == \"/\") {\n        return endTagOpen;\n    } else if (c.match(/^[a-zA-Z]$/)) {\n        currentToken = {\n            type: \"startTag\",\n            tagName: \"\"\n        }\n        return tagName(c);\n    } else {\n        emit({\n            type: \"text\",\n            content: c\n        });\n        return data;\n    }\n}\n\nfunction endTagOpen(c) {\n    if (c.match(/^[a-zA-Z]$/)) {\n        currentToken = {\n            type: \"endTag\",\n            tagName: \"\"\n        }\n        return tagName(c);\n    } else if (c == \">\") {\n\n    } else if (c == EOF) {\n\n    } else {\n\n    }\n}\n\nfunction tagName(c) {\n    if (c.match(/^[\\t\\n\\f ]$/)) {\n        return beforeAttributeName;\n    } else if (c == \"/\") {\n        return selfClosingStartTag;\n    } else if (c.match(/^[A-Z]$/)) {\n        currentToken.tagName += c;\n        return tagName;\n    } else if(c == \">\") {\n        emit(currentToken);\n        return data;\n    } else {\n        currentToken.tagName += c;\n        return tagName;\n    }\n}\n\nfunction beforeAttributeName(c) {\n    if (c.match(/^[\\t\\n\\f ]$/)) {\n        return beforeAttributeName;\n    } else if (c == \"/\" || c == \">\" || c == EOF) {\n        return afterAttributeName(c);\n    } else if (c == \"=\") {\n        \n    } else {\n        currentAttribute = {\n            name: \"\",\n            value: \"\"\n        }\n\n        return attributeName(c);\n    }\n}\n\nfunction attributeName(c) {\n    if (c.match(/^[\\t\\n\\f ]$/) || c == \"/\" || c == \">\" || c == EOF) {\n        return afterAttributeName(c);\n    } else if (c == \"=\") {\n        return beforeAttributeValue;\n    } else if (c == \"\\u0000\") {\n\n    } else if (c == \"\\\"\" || c == \"'\" || c == \"<\") {\n\n    } else {\n        currentAttribute.name += c;\n        return attributeName;\n    }\n}\n\nfunction afterAttributeName(c) {\n    if (c.match(/^[\\t\\n\\f ]$/)) {\n        return afterAttributeName;\n    } else if (c === \"/\") {\n        return selfClosingStartTag;\n    } else if (c === \"=\") {\n        return beforeAttributeValue;\n    } else if (c === \">\") {\n        currentToken[currentAttribute.name] = currentAttribute.value;\n        emit(currentToken);\n        return data;\n    } else if (c === EOF) {\n    \n    } else {\n        currentToken[currentAttribute.name] = currentAttribute.value;\n        currentAttribute = {\n            name: \"\",\n            value: \"\",\n        }\n        return attributeName(c);\n    }\n}\n\nfunction beforeAttributeValue(c) {\n    if (c.match(/^[\\t\\n\\f ]$/) || c == \"/\" || c == \">\" || c == EOF) {\n        return beforeAttributeValue;\n    } else if (c == \"\\\"\") {\n        return doubleQuotedAttributeValue;\n    } else if (c == \"\\'\") {\n        return singleQuotedAttributeValue;\n    } else if (c == \">\") {\n\n    } else {\n        return UnquotedAttributeValue(c);\n    }\n}\n\n// 双引号属性\nfunction doubleQuotedAttributeValue(c) {\n    if (c == \"\\\"\") {\n        currentToken[currentAttribute.name] = currentAttribute.value;\n        return afterQuotedAttributeValue;\n    } else if (c == \"\\u0000\") {\n        \n    } else if (c == EOF) {\n        \n    } else {\n        currentAttribute.value += c;\n        return doubleQuotedAttributeValue;\n    }\n}\n\n// 单引号属性\nfunction singleQuotedAttributeValue(c) {\n    if (c == \"\\'\") {\n        currentToken[currentAttribute.name] = currentAttribute.value;\n        return afterQuotedAttributeValue;\n    } else if (c == \"\\u0000\") {\n        \n    } else if (c == EOF) {\n        \n    } else {\n        currentAttribute.value += c;\n        return singleQuotedAttributeValue;\n    }\n}\n\nfunction afterQuotedAttributeValue(c) {\n    if (c.match(/^[\\t\\n\\f ]$/)) {\n        return beforeAttributeName;\n    } else if (c == \"/\") {\n        return selfClosingStartTag;\n    } else if (c == \">\") {\n        currentToken[currentAttribute.name] = currentAttribute.value;\n        emit(currentToken);\n        return data;\n    } else if (c == EOF) {\n\n    } else {\n        throw new Error(\"unexpected charater \\\"\" + c + \"\\\"\");\n    }\n}\n\nfunction UnquotedAttributeValue(c) {\n    if (c.match(/^[\\t\\n\\f ]$/)) {\n        currentToken[currentAttribute.name] = currentAttribute.value;\n        return beforeAttributeName;\n    } else if (c == \"/\") {\n        currentToken[currentAttribute.name] = currentAttribute.value;\n        return selfClosingStartTag;\n    } else if (c == \">\") {\n        currentToken[currentAttribute.name] = currentAttribute.value;\n        emit(currentToken);\n        return data;\n    } else if (c == \"\\u0000\") {\n\n    } else if (c == \"\\\"\" || c == \"'\" || c == \"<\" || c == \"=\" || c == \"`\") {\n\n    } else if (c == EOF) {\n\n    } else {\n        currentAttribute.value += c;\n        return UnquotedAttributeValue;\n    }\n}\n\nfunction selfClosingStartTag(c) {\n    if (c == \">\") {\n        currentToken.isSelfClosing = true;\n        emit(currentToken);\n        return data;\n    } else if (c == \"EOF\") {\n\n    } else {\n        \n    }\n}\n\nexport function parseHTML(html) {\n    \n    // 初始化变量\n    stack = [{type: \"document\", children:[]}];\n    currentToken = null;\n    currentAttribute = null;\n    currentTextNode = null;\n\n    let state = data;\n    for (let c of html) {\n        state = state(c);\n    }\n    state = state(EOF);\n    return stack[0];\n}"]},"_coverageSchema":"1a1c01bbd47fc00a2c39e90264f33305004495a9","hash":"adaa08b0fbec51dfedf43594edac5aa3a37d19fb","contentHash":"929c37306913727a8e3a5f3e17eed0a9ed40f9ff67f2cd0601c979859ac8fa8a"}}